#
# There is insufficient memory for the Java Runtime Environment to continue.
# Native memory allocation (malloc) failed to allocate 432336 bytes for Chunk::new
# Possible reasons:
#   The system is out of physical RAM or swap space
#   The process is running with CompressedOops enabled, and the Java Heap may be blocking the growth of the native heap
# Possible solutions:
#   Reduce memory load on the system
#   Increase physical memory or swap space
#   Check if swap backing store is full
#   Decrease Java heap size (-Xmx/-Xms)
#   Decrease number of Java threads
#   Decrease Java thread stack sizes (-Xss)
#   Set larger code cache with -XX:ReservedCodeCacheSize=
#   JVM is running with Unscaled Compressed Oops mode in which the Java heap is
#     placed in the first 4GB address space. The Java Heap base address is the
#     maximum limit for the native heap growth. Please use -XX:HeapBaseMinAddress
#     to set the Java Heap base and to place the Java Heap above 4GB virtual address.
# This output file may be truncated or incomplete.
#
#  Out of Memory Error (arena.cpp:184), pid=23220, tid=29928
#
# JRE version: Java(TM) SE Runtime Environment (18.0.2+9) (build 18.0.2+9-61)
# Java VM: Java HotSpot(TM) 64-Bit Server VM (18.0.2+9-61, mixed mode, sharing, tiered, compressed oops, compressed class ptrs, g1 gc, windows-amd64)
# No core dump will be written. Minidumps are not enabled by default on client versions of Windows
#

---------------  S U M M A R Y ------------

Command Line: -ea -Didea.test.cyclic.buffer.size=1048576 -javaagent:C:\Program Files\JetBrains\IntelliJ IDEA Community Edition 2021.3.3\lib\idea_rt.jar=51767:C:\Program Files\JetBrains\IntelliJ IDEA Community Edition 2021.3.3\bin -Dfile.encoding=UTF-8 com.intellij.rt.testng.RemoteTestNGStarter -usedefaultlisteners false -socket51766 @w@C:\Users\ITBD~1\AppData\Local\Temp\idea_working_dirs_testng.tmp -temp C:\Users\ITBD~1\AppData\Local\Temp\idea_testng.tmp

Host: Intel(R) Core(TM) i5-8350U CPU @ 1.70GHz, 8 cores, 7G,  Windows 10 , 64 bit Build 19041 (10.0.19041.1889)
Time: Fri Sep  2 09:25:44 2022 Bangladesh Standard Time elapsed time: 4.437130 seconds (0d 0h 0m 4s)

---------------  T H R E A D  ---------------

Current thread (0x000002022431fb60):  JavaThread "C2 CompilerThread0" daemon [_thread_in_native, id=29928, stack(0x0000006c08800000,0x0000006c08900000)]


Current CompileTask:
C2:   4437 1697       4       jdk.internal.loader.URLClassPath::getResource (74 bytes)

Stack: [0x0000006c08800000,0x0000006c08900000]
Native frames: (J=compiled Java code, j=interpreted, Vv=VM code, C=native code)
V  [jvm.dll+0x6993ca]
V  [jvm.dll+0x7f481d]
V  [jvm.dll+0x7f612e]
V  [jvm.dll+0x7f67e3]
V  [jvm.dll+0x25cdaf]
V  [jvm.dll+0xb8c2f]
V  [jvm.dll+0xb8fa5]
V  [jvm.dll+0x2c7cbf]
V  [jvm.dll+0x5a0d8e]
V  [jvm.dll+0x23876e]
V  [jvm.dll+0x231cf5]
V  [jvm.dll+0x22f21b]
V  [jvm.dll+0x1ba01c]
V  [jvm.dll+0x23ec9a]
V  [jvm.dll+0x23cf85]
V  [jvm.dll+0x7a6e21]
V  [jvm.dll+0x7a125a]
V  [jvm.dll+0x698275]
C  [ucrtbase.dll+0x21bb2]
C  [KERNEL32.DLL+0x17034]
C  [ntdll.dll+0x52651]


---------------  P R O C E S S  ---------------

Threads class SMR info:
_java_thread_list=0x0000020229d3fd60, length=14, elements={
0x00000202046d6820, 0x0000020224301b10, 0x00000202243028b0, 0x000002022431c1a0,
0x000002022431db50, 0x000002022431e4f0, 0x000002022431ee90, 0x000002022431fb60,
0x0000020224321460, 0x0000020224323ea0, 0x00000202242ef0e0, 0x0000020228b40710,
0x0000020228b45980, 0x0000020229c5ebc0
}

Java Threads: ( => current thread )
  0x00000202046d6820 JavaThread "main" [_thread_in_vm, id=7012, stack(0x0000006c07b00000,0x0000006c07c00000)]
  0x0000020224301b10 JavaThread "Reference Handler" daemon [_thread_blocked, id=16876, stack(0x0000006c08200000,0x0000006c08300000)]
  0x00000202243028b0 JavaThread "Finalizer" daemon [_thread_blocked, id=25348, stack(0x0000006c08300000,0x0000006c08400000)]
  0x000002022431c1a0 JavaThread "Signal Dispatcher" daemon [_thread_blocked, id=26200, stack(0x0000006c08400000,0x0000006c08500000)]
  0x000002022431db50 JavaThread "Attach Listener" daemon [_thread_blocked, id=28388, stack(0x0000006c08500000,0x0000006c08600000)]
  0x000002022431e4f0 JavaThread "Service Thread" daemon [_thread_blocked, id=28568, stack(0x0000006c08600000,0x0000006c08700000)]
  0x000002022431ee90 JavaThread "Monitor Deflation Thread" daemon [_thread_blocked, id=18560, stack(0x0000006c08700000,0x0000006c08800000)]
=>0x000002022431fb60 JavaThread "C2 CompilerThread0" daemon [_thread_in_native, id=29928, stack(0x0000006c08800000,0x0000006c08900000)]
  0x0000020224321460 JavaThread "C1 CompilerThread0" daemon [_thread_in_native, id=28480, stack(0x0000006c08900000,0x0000006c08a00000)]
  0x0000020224323ea0 JavaThread "Sweeper thread" daemon [_thread_blocked, id=27060, stack(0x0000006c08a00000,0x0000006c08b00000)]
  0x00000202242ef0e0 JavaThread "Common-Cleaner" daemon [_thread_blocked, id=27628, stack(0x0000006c08b00000,0x0000006c08c00000)]
  0x0000020228b40710 JavaThread "Monitor Ctrl-Break" daemon [_thread_in_native, id=16856, stack(0x0000006c08c00000,0x0000006c08d00000)]
  0x0000020228b45980 JavaThread "Notification Thread" daemon [_thread_blocked, id=28692, stack(0x0000006c08d00000,0x0000006c08e00000)]
  0x0000020229c5ebc0 JavaThread "C2 CompilerThread1" daemon [_thread_blocked, id=31308, stack(0x0000006c08f00000,0x0000006c09000000)]

Other Threads:
  0x00000202242ff300 VMThread "VM Thread" [stack: 0x0000006c08100000,0x0000006c08200000] [id=7076]
  0x0000020228b46c60 WatcherThread "VM Periodic Task Thread" [stack: 0x0000006c08e00000,0x0000006c08f00000] [id=29768]
  0x0000020204735fd0 WorkerThread "GC Thread#0" [stack: 0x0000006c07c00000,0x0000006c07d00000] [id=29656]
  0x0000020229afc790 WorkerThread "GC Thread#1" [stack: 0x0000006c09000000,0x0000006c09100000] [id=30580]
  0x0000020229afca30 WorkerThread "GC Thread#2" [stack: 0x0000006c09100000,0x0000006c09200000] [id=30668]
  0x0000020229b87610 WorkerThread "GC Thread#3" [stack: 0x0000006c09200000,0x0000006c09300000] [id=14504]
  0x0000020229b878b0 WorkerThread "GC Thread#4" [stack: 0x0000006c09300000,0x0000006c09400000] [id=20876]
  0x0000020229b87b50 WorkerThread "GC Thread#5" [stack: 0x0000006c09400000,0x0000006c09500000] [id=31064]
  0x0000020229b8a280 WorkerThread "GC Thread#6" [stack: 0x0000006c09500000,0x0000006c09600000] [id=27040]
  0x0000020229b8b530 WorkerThread "GC Thread#7" [stack: 0x0000006c09600000,0x0000006c09700000] [id=20140]
  0x0000020204746940 ConcurrentGCThread "G1 Main Marker" [stack: 0x0000006c07d00000,0x0000006c07e00000] [id=7312]
  0x0000020204747330 WorkerThread "G1 Conc#0" [stack: 0x0000006c07e00000,0x0000006c07f00000] [id=25720]
  0x00000202047869b0 ConcurrentGCThread "G1 Refine#0" [stack: 0x0000006c07f00000,0x0000006c08000000] [id=31564]
  0x00000202047872c0 ConcurrentGCThread "G1 Service" [stack: 0x0000006c08000000,0x0000006c08100000] [id=26208]

Threads with active compile tasks:
C2 CompilerThread0     4484 1697       4       jdk.internal.loader.URLClassPath::getResource (74 bytes)
C1 CompilerThread0     4484 1772   !   3       java.lang.invoke.InnerClassLambdaMetafactory::generateInnerClass (619 bytes)

VM state: not at safepoint (normal execution)

VM Mutex/Monitor currently owned by a thread: None

Heap address: 0x0000000082e00000, size: 2002 MB, Compressed Oops mode: 32-bit

CDS archive(s) mapped at: [0x0000000800000000-0x0000000800ba0000-0x0000000800ba0000), size 12189696, SharedBaseAddress: 0x0000000800000000, ArchiveRelocationMode: 0.
Compressed class space mapped at: 0x0000000800c00000-0x0000000840c00000, reserved size: 1073741824
Narrow klass base: 0x0000000800000000, Narrow klass shift: 0, Narrow klass range: 0x100000000

GC Precious Log:
 CardTable entry size: 512
 Card Set container configuration: InlinePtr #cards 5 size 8 Array Of Cards #cards 12 size 40 Howl #buckets 4 coarsen threshold 1843 Howl Bitmap #cards 512 size 80 coarsen threshold 460 Card regions per heap region 1 cards per card region 2048
 CPUs: 8 total, 8 available
 Memory: 8000M
 Large Page Support: Disabled
 NUMA Support: Disabled
 Compressed Oops: Enabled (32-bit)
 Heap Region Size: 1M
 Heap Min Capacity: 8M
 Heap Initial Capacity: 126M
 Heap Max Capacity: 2002M
 Pre-touch: Disabled
 Parallel Workers: 8
 Concurrent Workers: 2
 Concurrent Refinement Workers: 8
 Periodic GC: Disabled

Heap:
 garbage-first heap   total 129024K, used 29931K [0x0000000082e00000, 0x0000000100000000)
  region size 1024K, 27 young (27648K), 3 survivors (3072K)
 Metaspace       used 12705K, committed 12928K, reserved 1114112K
  class space    used 1421K, committed 1536K, reserved 1048576K

Heap Regions: E=young(eden), S=young(survivor), O=old, HS=humongous(starts), HC=humongous(continues), CS=collection set, F=free, OA=open archive, CA=closed archive, TAMS=top-at-mark-start (previous, next)
|   0|0x0000000082e00000, 0x0000000082f00000, 0x0000000082f00000|100%| O|  |TAMS 0x0000000082e00000, 0x0000000082e00000| Untracked 
|   1|0x0000000082f00000, 0x0000000083000000, 0x0000000083000000|100%| O|  |TAMS 0x0000000082f00000, 0x0000000082f00000| Untracked 
|   2|0x0000000083000000, 0x0000000083100000, 0x0000000083100000|100%| O|  |TAMS 0x0000000083000000, 0x0000000083000000| Untracked 
|   3|0x0000000083100000, 0x0000000083200000, 0x0000000083200000|100%| O|  |TAMS 0x0000000083100000, 0x0000000083100000| Untracked 
|   4|0x0000000083200000, 0x000000008323ac00, 0x0000000083300000| 22%| O|  |TAMS 0x0000000083200000, 0x0000000083200000| Untracked 
|   5|0x0000000083300000, 0x0000000083300000, 0x0000000083400000|  0%| F|  |TAMS 0x0000000083300000, 0x0000000083300000| Untracked 
|   6|0x0000000083400000, 0x0000000083400000, 0x0000000083500000|  0%| F|  |TAMS 0x0000000083400000, 0x0000000083400000| Untracked 
|   7|0x0000000083500000, 0x0000000083500000, 0x0000000083600000|  0%| F|  |TAMS 0x0000000083500000, 0x0000000083500000| Untracked 
|   8|0x0000000083600000, 0x0000000083600000, 0x0000000083700000|  0%| F|  |TAMS 0x0000000083600000, 0x0000000083600000| Untracked 
|   9|0x0000000083700000, 0x0000000083700000, 0x0000000083800000|  0%| F|  |TAMS 0x0000000083700000, 0x0000000083700000| Untracked 
|  10|0x0000000083800000, 0x0000000083800000, 0x0000000083900000|  0%| F|  |TAMS 0x0000000083800000, 0x0000000083800000| Untracked 
|  11|0x0000000083900000, 0x0000000083900000, 0x0000000083a00000|  0%| F|  |TAMS 0x0000000083900000, 0x0000000083900000| Untracked 
|  12|0x0000000083a00000, 0x0000000083a00000, 0x0000000083b00000|  0%| F|  |TAMS 0x0000000083a00000, 0x0000000083a00000| Untracked 
|  13|0x0000000083b00000, 0x0000000083b00000, 0x0000000083c00000|  0%| F|  |TAMS 0x0000000083b00000, 0x0000000083b00000| Untracked 
|  14|0x0000000083c00000, 0x0000000083c00000, 0x0000000083d00000|  0%| F|  |TAMS 0x0000000083c00000, 0x0000000083c00000| Untracked 
|  15|0x0000000083d00000, 0x0000000083d00000, 0x0000000083e00000|  0%| F|  |TAMS 0x0000000083d00000, 0x0000000083d00000| Untracked 
|  16|0x0000000083e00000, 0x0000000083e00000, 0x0000000083f00000|  0%| F|  |TAMS 0x0000000083e00000, 0x0000000083e00000| Untracked 
|  17|0x0000000083f00000, 0x0000000083f00000, 0x0000000084000000|  0%| F|  |TAMS 0x0000000083f00000, 0x0000000083f00000| Untracked 
|  18|0x0000000084000000, 0x0000000084000000, 0x0000000084100000|  0%| F|  |TAMS 0x0000000084000000, 0x0000000084000000| Untracked 
|  19|0x0000000084100000, 0x0000000084100000, 0x0000000084200000|  0%| F|  |TAMS 0x0000000084100000, 0x0000000084100000| Untracked 
|  20|0x0000000084200000, 0x0000000084200000, 0x0000000084300000|  0%| F|  |TAMS 0x0000000084200000, 0x0000000084200000| Untracked 
|  21|0x0000000084300000, 0x0000000084300000, 0x0000000084400000|  0%| F|  |TAMS 0x0000000084300000, 0x0000000084300000| Untracked 
|  22|0x0000000084400000, 0x0000000084400000, 0x0000000084500000|  0%| F|  |TAMS 0x0000000084400000, 0x0000000084400000| Untracked 
|  23|0x0000000084500000, 0x0000000084500000, 0x0000000084600000|  0%| F|  |TAMS 0x0000000084500000, 0x0000000084500000| Untracked 
|  24|0x0000000084600000, 0x0000000084600000, 0x0000000084700000|  0%| F|  |TAMS 0x0000000084600000, 0x0000000084600000| Untracked 
|  25|0x0000000084700000, 0x0000000084700000, 0x0000000084800000|  0%| F|  |TAMS 0x0000000084700000, 0x0000000084700000| Untracked 
|  26|0x0000000084800000, 0x0000000084800000, 0x0000000084900000|  0%| F|  |TAMS 0x0000000084800000, 0x0000000084800000| Untracked 
|  27|0x0000000084900000, 0x0000000084900000, 0x0000000084a00000|  0%| F|  |TAMS 0x0000000084900000, 0x0000000084900000| Untracked 
|  28|0x0000000084a00000, 0x0000000084a00000, 0x0000000084b00000|  0%| F|  |TAMS 0x0000000084a00000, 0x0000000084a00000| Untracked 
|  29|0x0000000084b00000, 0x0000000084b00000, 0x0000000084c00000|  0%| F|  |TAMS 0x0000000084b00000, 0x0000000084b00000| Untracked 
|  30|0x0000000084c00000, 0x0000000084c00000, 0x0000000084d00000|  0%| F|  |TAMS 0x0000000084c00000, 0x0000000084c00000| Untracked 
|  31|0x0000000084d00000, 0x0000000084d00000, 0x0000000084e00000|  0%| F|  |TAMS 0x0000000084d00000, 0x0000000084d00000| Untracked 
|  32|0x0000000084e00000, 0x0000000084e00000, 0x0000000084f00000|  0%| F|  |TAMS 0x0000000084e00000, 0x0000000084e00000| Untracked 
|  33|0x0000000084f00000, 0x0000000084f00000, 0x0000000085000000|  0%| F|  |TAMS 0x0000000084f00000, 0x0000000084f00000| Untracked 
|  34|0x0000000085000000, 0x0000000085000000, 0x0000000085100000|  0%| F|  |TAMS 0x0000000085000000, 0x0000000085000000| Untracked 
|  35|0x0000000085100000, 0x0000000085100000, 0x0000000085200000|  0%| F|  |TAMS 0x0000000085100000, 0x0000000085100000| Untracked 
|  36|0x0000000085200000, 0x0000000085200000, 0x0000000085300000|  0%| F|  |TAMS 0x0000000085200000, 0x0000000085200000| Untracked 
|  37|0x0000000085300000, 0x0000000085300000, 0x0000000085400000|  0%| F|  |TAMS 0x0000000085300000, 0x0000000085300000| Untracked 
|  38|0x0000000085400000, 0x0000000085400000, 0x0000000085500000|  0%| F|  |TAMS 0x0000000085400000, 0x0000000085400000| Untracked 
|  39|0x0000000085500000, 0x0000000085500000, 0x0000000085600000|  0%| F|  |TAMS 0x0000000085500000, 0x0000000085500000| Untracked 
|  40|0x0000000085600000, 0x0000000085600000, 0x0000000085700000|  0%| F|  |TAMS 0x0000000085600000, 0x0000000085600000| Untracked 
|  41|0x0000000085700000, 0x0000000085700000, 0x0000000085800000|  0%| F|  |TAMS 0x0000000085700000, 0x0000000085700000| Untracked 
|  42|0x0000000085800000, 0x0000000085800000, 0x0000000085900000|  0%| F|  |TAMS 0x0000000085800000, 0x0000000085800000| Untracked 
|  43|0x0000000085900000, 0x0000000085900000, 0x0000000085a00000|  0%| F|  |TAMS 0x0000000085900000, 0x0000000085900000| Untracked 
|  44|0x0000000085a00000, 0x0000000085a00000, 0x0000000085b00000|  0%| F|  |TAMS 0x0000000085a00000, 0x0000000085a00000| Untracked 
|  45|0x0000000085b00000, 0x0000000085b00000, 0x0000000085c00000|  0%| F|  |TAMS 0x0000000085b00000, 0x0000000085b00000| Untracked 
|  46|0x0000000085c00000, 0x0000000085c00000, 0x0000000085d00000|  0%| F|  |TAMS 0x0000000085c00000, 0x0000000085c00000| Untracked 
|  47|0x0000000085d00000, 0x0000000085d00000, 0x0000000085e00000|  0%| F|  |TAMS 0x0000000085d00000, 0x0000000085d00000| Untracked 
|  48|0x0000000085e00000, 0x0000000085e00000, 0x0000000085f00000|  0%| F|  |TAMS 0x0000000085e00000, 0x0000000085e00000| Untracked 
|  49|0x0000000085f00000, 0x0000000085f00000, 0x0000000086000000|  0%| F|  |TAMS 0x0000000085f00000, 0x0000000085f00000| Untracked 
|  50|0x0000000086000000, 0x0000000086000000, 0x0000000086100000|  0%| F|  |TAMS 0x0000000086000000, 0x0000000086000000| Untracked 
|  51|0x0000000086100000, 0x0000000086100000, 0x0000000086200000|  0%| F|  |TAMS 0x0000000086100000, 0x0000000086100000| Untracked 
|  52|0x0000000086200000, 0x0000000086200000, 0x0000000086300000|  0%| F|  |TAMS 0x0000000086200000, 0x0000000086200000| Untracked 
|  53|0x0000000086300000, 0x0000000086300000, 0x0000000086400000|  0%| F|  |TAMS 0x0000000086300000, 0x0000000086300000| Untracked 
|  54|0x0000000086400000, 0x0000000086400000, 0x0000000086500000|  0%| F|  |TAMS 0x0000000086400000, 0x0000000086400000| Untracked 
|  55|0x0000000086500000, 0x0000000086500000, 0x0000000086600000|  0%| F|  |TAMS 0x0000000086500000, 0x0000000086500000| Untracked 
|  56|0x0000000086600000, 0x0000000086600000, 0x0000000086700000|  0%| F|  |TAMS 0x0000000086600000, 0x0000000086600000| Untracked 
|  57|0x0000000086700000, 0x0000000086700000, 0x0000000086800000|  0%| F|  |TAMS 0x0000000086700000, 0x0000000086700000| Untracked 
|  58|0x0000000086800000, 0x0000000086800000, 0x0000000086900000|  0%| F|  |TAMS 0x0000000086800000, 0x0000000086800000| Untracked 
|  59|0x0000000086900000, 0x0000000086900000, 0x0000000086a00000|  0%| F|  |TAMS 0x0000000086900000, 0x0000000086900000| Untracked 
|  60|0x0000000086a00000, 0x0000000086a00000, 0x0000000086b00000|  0%| F|  |TAMS 0x0000000086a00000, 0x0000000086a00000| Untracked 
|  61|0x0000000086b00000, 0x0000000086b00000, 0x0000000086c00000|  0%| F|  |TAMS 0x0000000086b00000, 0x0000000086b00000| Untracked 
|  62|0x0000000086c00000, 0x0000000086c00000, 0x0000000086d00000|  0%| F|  |TAMS 0x0000000086c00000, 0x0000000086c00000| Untracked 
|  63|0x0000000086d00000, 0x0000000086d00000, 0x0000000086e00000|  0%| F|  |TAMS 0x0000000086d00000, 0x0000000086d00000| Untracked 
|  64|0x0000000086e00000, 0x0000000086e00000, 0x0000000086f00000|  0%| F|  |TAMS 0x0000000086e00000, 0x0000000086e00000| Untracked 
|  65|0x0000000086f00000, 0x0000000086f00000, 0x0000000087000000|  0%| F|  |TAMS 0x0000000086f00000, 0x0000000086f00000| Untracked 
|  66|0x0000000087000000, 0x0000000087000000, 0x0000000087100000|  0%| F|  |TAMS 0x0000000087000000, 0x0000000087000000| Untracked 
|  67|0x0000000087100000, 0x0000000087100000, 0x0000000087200000|  0%| F|  |TAMS 0x0000000087100000, 0x0000000087100000| Untracked 
|  68|0x0000000087200000, 0x0000000087200000, 0x0000000087300000|  0%| F|  |TAMS 0x0000000087200000, 0x0000000087200000| Untracked 
|  69|0x0000000087300000, 0x0000000087300000, 0x0000000087400000|  0%| F|  |TAMS 0x0000000087300000, 0x0000000087300000| Untracked 
|  70|0x0000000087400000, 0x0000000087400000, 0x0000000087500000|  0%| F|  |TAMS 0x0000000087400000, 0x0000000087400000| Untracked 
|  71|0x0000000087500000, 0x0000000087500000, 0x0000000087600000|  0%| F|  |TAMS 0x0000000087500000, 0x0000000087500000| Untracked 
|  72|0x0000000087600000, 0x0000000087600000, 0x0000000087700000|  0%| F|  |TAMS 0x0000000087600000, 0x0000000087600000| Untracked 
|  73|0x0000000087700000, 0x0000000087700000, 0x0000000087800000|  0%| F|  |TAMS 0x0000000087700000, 0x0000000087700000| Untracked 
|  74|0x0000000087800000, 0x0000000087800000, 0x0000000087900000|  0%| F|  |TAMS 0x0000000087800000, 0x0000000087800000| Untracked 
|  75|0x0000000087900000, 0x0000000087900000, 0x0000000087a00000|  0%| F|  |TAMS 0x0000000087900000, 0x0000000087900000| Untracked 
|  76|0x0000000087a00000, 0x0000000087a00000, 0x0000000087b00000|  0%| F|  |TAMS 0x0000000087a00000, 0x0000000087a00000| Untracked 
|  77|0x0000000087b00000, 0x0000000087b00000, 0x0000000087c00000|  0%| F|  |TAMS 0x0000000087b00000, 0x0000000087b00000| Untracked 
|  78|0x0000000087c00000, 0x0000000087c00000, 0x0000000087d00000|  0%| F|  |TAMS 0x0000000087c00000, 0x0000000087c00000| Untracked 
|  79|0x0000000087d00000, 0x0000000087d00000, 0x0000000087e00000|  0%| F|  |TAMS 0x0000000087d00000, 0x0000000087d00000| Untracked 
|  80|0x0000000087e00000, 0x0000000087e00000, 0x0000000087f00000|  0%| F|  |TAMS 0x0000000087e00000, 0x0000000087e00000| Untracked 
|  81|0x0000000087f00000, 0x0000000087f00000, 0x0000000088000000|  0%| F|  |TAMS 0x0000000087f00000, 0x0000000087f00000| Untracked 
|  82|0x0000000088000000, 0x0000000088000000, 0x0000000088100000|  0%| F|  |TAMS 0x0000000088000000, 0x0000000088000000| Untracked 
|  83|0x0000000088100000, 0x0000000088100000, 0x0000000088200000|  0%| F|  |TAMS 0x0000000088100000, 0x0000000088100000| Untracked 
|  84|0x0000000088200000, 0x0000000088200000, 0x0000000088300000|  0%| F|  |TAMS 0x0000000088200000, 0x0000000088200000| Untracked 
|  85|0x0000000088300000, 0x0000000088300000, 0x0000000088400000|  0%| F|  |TAMS 0x0000000088300000, 0x0000000088300000| Untracked 
|  86|0x0000000088400000, 0x0000000088400000, 0x0000000088500000|  0%| F|  |TAMS 0x0000000088400000, 0x0000000088400000| Untracked 
|  87|0x0000000088500000, 0x0000000088500000, 0x0000000088600000|  0%| F|  |TAMS 0x0000000088500000, 0x0000000088500000| Untracked 
|  88|0x0000000088600000, 0x0000000088600000, 0x0000000088700000|  0%| F|  |TAMS 0x0000000088600000, 0x0000000088600000| Untracked 
|  89|0x0000000088700000, 0x0000000088700000, 0x0000000088800000|  0%| F|  |TAMS 0x0000000088700000, 0x0000000088700000| Untracked 
|  90|0x0000000088800000, 0x0000000088800000, 0x0000000088900000|  0%| F|  |TAMS 0x0000000088800000, 0x0000000088800000| Untracked 
|  91|0x0000000088900000, 0x0000000088900000, 0x0000000088a00000|  0%| F|  |TAMS 0x0000000088900000, 0x0000000088900000| Untracked 
|  92|0x0000000088a00000, 0x0000000088a00000, 0x0000000088b00000|  0%| F|  |TAMS 0x0000000088a00000, 0x0000000088a00000| Untracked 
|  93|0x0000000088b00000, 0x0000000088b00000, 0x0000000088c00000|  0%| F|  |TAMS 0x0000000088b00000, 0x0000000088b00000| Untracked 
|  94|0x0000000088c00000, 0x0000000088c00000, 0x0000000088d00000|  0%| F|  |TAMS 0x0000000088c00000, 0x0000000088c00000| Untracked 
|  95|0x0000000088d00000, 0x0000000088d00000, 0x0000000088e00000|  0%| F|  |TAMS 0x0000000088d00000, 0x0000000088d00000| Untracked 
|  96|0x0000000088e00000, 0x0000000088e00000, 0x0000000088f00000|  0%| F|  |TAMS 0x0000000088e00000, 0x0000000088e00000| Untracked 
|  97|0x0000000088f00000, 0x0000000088f00000, 0x0000000089000000|  0%| F|  |TAMS 0x0000000088f00000, 0x0000000088f00000| Untracked 
|  98|0x0000000089000000, 0x0000000089000000, 0x0000000089100000|  0%| F|  |TAMS 0x0000000089000000, 0x0000000089000000| Untracked 
|  99|0x0000000089100000, 0x00000000891b5b48, 0x0000000089200000| 70%| E|  |TAMS 0x0000000089100000, 0x0000000089100000| Complete 
| 100|0x0000000089200000, 0x0000000089300000, 0x0000000089300000|100%| S|CS|TAMS 0x0000000089200000, 0x0000000089200000| Complete 
| 101|0x0000000089300000, 0x0000000089400000, 0x0000000089400000|100%| S|CS|TAMS 0x0000000089300000, 0x0000000089300000| Complete 
| 102|0x0000000089400000, 0x0000000089500000, 0x0000000089500000|100%| S|CS|TAMS 0x0000000089400000, 0x0000000089400000| Complete 
| 103|0x0000000089500000, 0x0000000089600000, 0x0000000089600000|100%| E|CS|TAMS 0x0000000089500000, 0x0000000089500000| Complete 
| 104|0x0000000089600000, 0x0000000089700000, 0x0000000089700000|100%| E|CS|TAMS 0x0000000089600000, 0x0000000089600000| Complete 
| 105|0x0000000089700000, 0x0000000089800000, 0x0000000089800000|100%| E|CS|TAMS 0x0000000089700000, 0x0000000089700000| Complete 
| 106|0x0000000089800000, 0x0000000089900000, 0x0000000089900000|100%| E|CS|TAMS 0x0000000089800000, 0x0000000089800000| Complete 
| 107|0x0000000089900000, 0x0000000089a00000, 0x0000000089a00000|100%| E|CS|TAMS 0x0000000089900000, 0x0000000089900000| Complete 
| 108|0x0000000089a00000, 0x0000000089b00000, 0x0000000089b00000|100%| E|CS|TAMS 0x0000000089a00000, 0x0000000089a00000| Complete 
| 109|0x0000000089b00000, 0x0000000089c00000, 0x0000000089c00000|100%| E|CS|TAMS 0x0000000089b00000, 0x0000000089b00000| Complete 
| 110|0x0000000089c00000, 0x0000000089d00000, 0x0000000089d00000|100%| E|CS|TAMS 0x0000000089c00000, 0x0000000089c00000| Complete 
| 111|0x0000000089d00000, 0x0000000089e00000, 0x0000000089e00000|100%| E|CS|TAMS 0x0000000089d00000, 0x0000000089d00000| Complete 
| 112|0x0000000089e00000, 0x0000000089f00000, 0x0000000089f00000|100%| E|CS|TAMS 0x0000000089e00000, 0x0000000089e00000| Complete 
| 113|0x0000000089f00000, 0x000000008a000000, 0x000000008a000000|100%| E|CS|TAMS 0x0000000089f00000, 0x0000000089f00000| Complete 
| 114|0x000000008a000000, 0x000000008a100000, 0x000000008a100000|100%| E|CS|TAMS 0x000000008a000000, 0x000000008a000000| Complete 
| 115|0x000000008a100000, 0x000000008a200000, 0x000000008a200000|100%| E|CS|TAMS 0x000000008a100000, 0x000000008a100000| Complete 
| 116|0x000000008a200000, 0x000000008a300000, 0x000000008a300000|100%| E|CS|TAMS 0x000000008a200000, 0x000000008a200000| Complete 
| 117|0x000000008a300000, 0x000000008a400000, 0x000000008a400000|100%| E|CS|TAMS 0x000000008a300000, 0x000000008a300000| Complete 
| 118|0x000000008a400000, 0x000000008a500000, 0x000000008a500000|100%| E|CS|TAMS 0x000000008a400000, 0x000000008a400000| Complete 
| 119|0x000000008a500000, 0x000000008a600000, 0x000000008a600000|100%| E|CS|TAMS 0x000000008a500000, 0x000000008a500000| Complete 
| 120|0x000000008a600000, 0x000000008a700000, 0x000000008a700000|100%| E|CS|TAMS 0x000000008a600000, 0x000000008a600000| Complete 
| 121|0x000000008a700000, 0x000000008a800000, 0x000000008a800000|100%| E|CS|TAMS 0x000000008a700000, 0x000000008a700000| Complete 
| 122|0x000000008a800000, 0x000000008a900000, 0x000000008a900000|100%| E|CS|TAMS 0x000000008a800000, 0x000000008a800000| Complete 
| 123|0x000000008a900000, 0x000000008aa00000, 0x000000008aa00000|100%| E|CS|TAMS 0x000000008a900000, 0x000000008a900000| Complete 
| 124|0x000000008aa00000, 0x000000008ab00000, 0x000000008ab00000|100%| E|CS|TAMS 0x000000008aa00000, 0x000000008aa00000| Complete 
| 125|0x000000008ab00000, 0x000000008ac00000, 0x000000008ac00000|100%| E|  |TAMS 0x000000008ab00000, 0x000000008ab00000| Complete 

Card table byte_map: [0x000002021d630000,0x000002021da20000] _byte_map_base: 0x000002021d219000

Marking Bits (Prev, Next): (CMBitMap*) 0x00000202047365d0, (CMBitMap*) 0x0000020204736610
 Prev Bits: [0x000002021de10000, 0x000002021fd58000)
 Next Bits: [0x000002021fd60000, 0x0000020221ca8000)

Polling page: 0x0000020204790000

Metaspace:

Usage:
  Non-class:     11.05 MB used.
      Class:      1.39 MB used.
       Both:     12.44 MB used.

Virtual space:
  Non-class space:       64.00 MB reserved,      11.19 MB ( 17%) committed,  1 nodes.
      Class space:        1.00 GB reserved,       1.50 MB ( <1%) committed,  1 nodes.
             Both:        1.06 GB reserved,      12.69 MB (  1%) committed. 

Chunk freelists:
   Non-Class:  496.00 KB
       Class:  2.41 MB
        Both:  2.89 MB

MaxMetaspaceSize: unlimited
CompressedClassSpaceSize: 1.00 GB
Initial GC threshold: 21.00 MB
Current GC threshold: 21.00 MB
CDS: on
MetaspaceReclaimPolicy: balanced
 - commit_granule_bytes: 65536.
 - commit_granule_words: 8192.
 - virtual_space_node_default_size: 8388608.
 - enlarge_chunks_in_place: 1.
 - new_chunks_are_fully_committed: 0.
 - uncommit_free_chunks: 1.
 - use_allocation_guard: 0.


Internal statistics:

num_allocs_failed_limit: 0.
num_arena_births: 216.
num_arena_deaths: 0.
num_vsnodes_births: 2.
num_vsnodes_deaths: 0.
num_space_committed: 203.
num_space_uncommitted: 0.
num_chunks_returned_to_freelist: 0.
num_chunks_taken_from_freelist: 561.
num_chunk_merges: 0.
num_chunk_splits: 384.
num_chunks_enlarged: 290.
num_inconsistent_stats: 0.

CodeHeap 'non-profiled nmethods': size=120000Kb used=626Kb max_used=626Kb free=119373Kb
 bounds [0x00000202152a0000, 0x0000020215510000, 0x000002021c7d0000]
CodeHeap 'profiled nmethods': size=120000Kb used=3507Kb max_used=3507Kb free=116492Kb
 bounds [0x000002020dd70000, 0x000002020e0e0000, 0x00000202152a0000]
CodeHeap 'non-nmethods': size=5760Kb used=1209Kb max_used=1238Kb free=4550Kb
 bounds [0x000002020d7d0000, 0x000002020da40000, 0x000002020dd70000]
 total_blobs=2276 nmethods=1773 adapters=415
 compilation: enabled
              stopped_count=0, restarted_count=0
 full_count=0

Compilation events (20 events):
Event: 4.400 Thread 0x0000020224321460 nmethod 1705 0x000002020e0bc510 code [0x000002020e0bc740, 0x000002020e0bce58]
Event: 4.403 Thread 0x0000020224321460 1716       3       java.lang.invoke.ClassSpecializer$SpeciesData::factory (14 bytes)
Event: 4.403 Thread 0x0000020224321460 nmethod 1716 0x000002020e0bd010 code [0x000002020e0bd1c0, 0x000002020e0bd488]
Event: 4.404 Thread 0x0000020224321460 1719       3       java.lang.invoke.LambdaForm$Name::replaceNames (175 bytes)
Event: 4.405 Thread 0x0000020224321460 nmethod 1719 0x000002020e0bd590 code [0x000002020e0bd7c0, 0x000002020e0be3d8]
Event: 4.405 Thread 0x0000020224321460 1720       3       jdk.internal.org.objectweb.asm.ClassVisitor::<init> (88 bytes)
Event: 4.406 Thread 0x0000020224321460 nmethod 1720 0x000002020e0be710 code [0x000002020e0be960, 0x000002020e0bf248]
Event: 4.406 Thread 0x0000020224321460 1721       3       jdk.internal.org.objectweb.asm.SymbolTable::<init> (41 bytes)
Event: 4.406 Thread 0x0000020224321460 nmethod 1721 0x000002020e0bf510 code [0x000002020e0bf6e0, 0x000002020e0bfc58]
Event: 4.410 Thread 0x0000020224321460 1723       3       jdk.internal.org.objectweb.asm.MethodVisitor::visitMethodInsn (80 bytes)
Event: 4.411 Thread 0x0000020224321460 nmethod 1723 0x000002020e0bfd90 code [0x000002020e0bff60, 0x000002020e0c0448]
Event: 4.413 Thread 0x0000020224321460 1724       1       java.util.Spliterators$ArraySpliterator::characteristics (5 bytes)
Event: 4.413 Thread 0x0000020224321460 nmethod 1724 0x0000020215337c10 code [0x0000020215337da0, 0x0000020215337e78]
Event: 4.421 Thread 0x0000020224321460 1725       3       java.lang.Integer::valueOf (32 bytes)
Event: 4.421 Thread 0x0000020224321460 nmethod 1725 0x000002020e0c0590 code [0x000002020e0c0740, 0x000002020e0c0a58]
Event: 4.425 Thread 0x0000020224321460 1726       3       java.lang.Class::privateGetDeclaredMethods (64 bytes)
Event: 4.425 Thread 0x0000020229c5ebc0 1727       4       java.lang.CharacterData::of (136 bytes)
Event: 4.426 Thread 0x0000020224321460 nmethod 1726 0x000002020e0c0b90 code [0x000002020e0c0dc0, 0x000002020e0c15b8]
Event: 4.426 Thread 0x0000020229c5ebc0 nmethod 1727 0x0000020215337f10 code [0x0000020215338080, 0x0000020215338118]
Event: 4.427 Thread 0x0000020229c5ebc0 1728       4       java.util.ArrayList::add (25 bytes)

GC Heap History (2 events):
Event: 3.282 GC heap before
{Heap before GC invocations=0 (full 0):
 garbage-first heap   total 129024K, used 22528K [0x0000000082e00000, 0x0000000100000000)
  region size 1024K, 23 young (23552K), 0 survivors (0K)
 Metaspace       used 7279K, committed 7552K, reserved 1114112K
  class space    used 797K, committed 896K, reserved 1048576K
}
Event: 3.300 GC heap after
{Heap after GC invocations=1 (full 0):
 garbage-first heap   total 129024K, used 7403K [0x0000000082e00000, 0x0000000100000000)
  region size 1024K, 3 young (3072K), 3 survivors (3072K)
 Metaspace       used 7279K, committed 7552K, reserved 1114112K
  class space    used 797K, committed 896K, reserved 1048576K
}

Deoptimization events (20 events):
Event: 4.148 Thread 0x00000202046d6820 Uncommon trap: trap_request=0xffffff45 fr.pc=0x000002021530ca0c relative=0x000000000000006c
Event: 4.148 Thread 0x00000202046d6820 Uncommon trap: reason=unstable_if action=reinterpret pc=0x000002021530ca0c method=sun.net.www.ParseUtil.firstEncodeIndex(Ljava/lang/String;)I @ 51 c2
Event: 4.149 Thread 0x00000202046d6820 DEOPT PACKING pc=0x000002021530ca0c sp=0x0000006c07bfd3b0
Event: 4.149 Thread 0x00000202046d6820 DEOPT UNPACKING pc=0x000002020d8223a3 sp=0x0000006c07bfd338 mode 2
Event: 4.188 Thread 0x00000202046d6820 Uncommon trap: trap_request=0xffffff45 fr.pc=0x00000202152f7514 relative=0x00000000000001f4
Event: 4.188 Thread 0x00000202046d6820 Uncommon trap: reason=unstable_if action=reinterpret pc=0x00000202152f7514 method=java.lang.String.startsWith(Ljava/lang/String;I)Z @ 50 c2
Event: 4.188 Thread 0x00000202046d6820 DEOPT PACKING pc=0x00000202152f7514 sp=0x0000006c07bfdd50
Event: 4.188 Thread 0x00000202046d6820 DEOPT UNPACKING pc=0x000002020d8223a3 sp=0x0000006c07bfdc58 mode 2
Event: 4.231 Thread 0x00000202046d6820 Uncommon trap: trap_request=0xffffff45 fr.pc=0x00000202152c0424 relative=0x0000000000000224
Event: 4.231 Thread 0x00000202046d6820 Uncommon trap: reason=unstable_if action=reinterpret pc=0x00000202152c0424 method=java.lang.StringUTF16.compress([CI[BII)I @ 20 c2
Event: 4.231 Thread 0x00000202046d6820 DEOPT PACKING pc=0x00000202152c0424 sp=0x0000006c07bfc790
Event: 4.231 Thread 0x00000202046d6820 DEOPT UNPACKING pc=0x000002020d8223a3 sp=0x0000006c07bfc710 mode 2
Event: 4.232 Thread 0x00000202046d6820 Uncommon trap: trap_request=0xffffff45 fr.pc=0x00000202152b62b8 relative=0x0000000000000038
Event: 4.233 Thread 0x00000202046d6820 Uncommon trap: reason=unstable_if action=reinterpret pc=0x00000202152b62b8 method=java.lang.StringLatin1.canEncode(I)Z @ 4 c2
Event: 4.233 Thread 0x00000202046d6820 DEOPT PACKING pc=0x00000202152b62b8 sp=0x0000006c07bfc830
Event: 4.233 Thread 0x00000202046d6820 DEOPT UNPACKING pc=0x000002020d8223a3 sp=0x0000006c07bfc7c0 mode 2
Event: 4.284 Thread 0x00000202046d6820 Uncommon trap: trap_request=0xffffff45 fr.pc=0x00000202152fff14 relative=0x0000000000000274
Event: 4.284 Thread 0x00000202046d6820 Uncommon trap: reason=unstable_if action=reinterpret pc=0x00000202152fff14 method=java.lang.String.startsWith(Ljava/lang/String;I)Z @ 50 c2
Event: 4.284 Thread 0x00000202046d6820 DEOPT PACKING pc=0x00000202152fff14 sp=0x0000006c07bfdce0
Event: 4.284 Thread 0x00000202046d6820 DEOPT UNPACKING pc=0x000002020d8223a3 sp=0x0000006c07bfdc58 mode 2

Classes loaded (20 events):
Event: 4.186 Loading class sun/nio/ch/FileDispatcher done
Event: 4.186 Loading class sun/nio/ch/FileDispatcherImpl done
Event: 4.186 Loading class sun/nio/ch/FileChannelImpl$Closer
Event: 4.186 Loading class sun/nio/ch/FileChannelImpl$Closer done
Event: 4.186 Loading class java/nio/channels/Channels
Event: 4.186 Loading class java/nio/channels/Channels done
Event: 4.186 Loading class sun/nio/ch/ChannelInputStream
Event: 4.187 Loading class sun/nio/ch/ChannelInputStream done
Event: 4.187 Loading class java/nio/channels/SelectableChannel
Event: 4.187 Loading class java/nio/channels/SelectableChannel done
Event: 4.359 Loading class java/util/regex/Pattern$LookBehindEndNode
Event: 4.359 Loading class java/util/regex/Pattern$LookBehindEndNode done
Event: 4.360 Loading class java/util/regex/Pattern$NotBehind
Event: 4.360 Loading class java/util/regex/Pattern$NotBehind done
Event: 4.360 Loading class java/util/regex/Pattern$BnM
Event: 4.360 Loading class java/util/regex/Pattern$BnM done
Event: 4.426 Loading class java/lang/annotation/Repeatable
Event: 4.426 Loading class java/lang/annotation/Repeatable done
Event: 4.433 Loading class java/lang/annotation/ElementType
Event: 4.433 Loading class java/lang/annotation/ElementType done

Classes unloaded (0 events):
No events

Classes redefined (0 events):
No events

Internal exceptions (20 events):
Event: 2.786 Thread 0x00000202046d6820 Exception <a 'java/lang/NoSuchMethodError'{0x0000000089901000}: 'java.lang.Object java.lang.invoke.Invokers$Holder.linkToTargetMethod(java.lang.Object, int, java.lang.Object, java.lang.Object)'> (0x0000000089901000) 
thrown [s\open\src\hotspot\share\interpreter\linkResolver.cpp, line 759]
Event: 2.851 Thread 0x00000202046d6820 Exception <a 'java/lang/NoSuchMethodError'{0x00000000899ca040}: 'void java.lang.invoke.DirectMethodHandle$Holder.invokeInterface(java.lang.Object, java.lang.Object)'> (0x00000000899ca040) 
thrown [s\open\src\hotspot\share\interpreter\linkResolver.cpp, line 759]
Event: 2.902 Thread 0x00000202046d6820 Exception <a 'java/lang/NoClassDefFoundError'{0x0000000089851730}: com/google/inject/Injector> (0x0000000089851730) 
thrown [s\open\src\hotspot\share\classfile\systemDictionary.cpp, line 244]
Event: 2.917 Thread 0x00000202046d6820 Exception <a 'java/lang/NoSuchMethodError'{0x0000000089874e08}: 'java.lang.Object java.lang.invoke.DirectMethodHandle$Holder.invokeVirtual(java.lang.Object, java.lang.Object, java.lang.Object)'> (0x0000000089874e08) 
thrown [s\open\src\hotspot\share\interpreter\linkResolver.cpp, line 759]
Event: 2.960 Thread 0x00000202046d6820 Exception <a 'java/lang/NoSuchMethodError'{0x00000000898ccfd0}: 'java.lang.Object java.lang.invoke.DirectMethodHandle$Holder.invokeInterface(java.lang.Object, java.lang.Object, java.lang.Object)'> (0x00000000898ccfd0) 
thrown [s\open\src\hotspot\share\interpreter\linkResolver.cpp, line 759]
Event: 2.970 Thread 0x00000202046d6820 Exception <a 'java/lang/NoSuchMethodError'{0x00000000898e69e0}: 'java.lang.Object java.lang.invoke.DirectMethodHandle$Holder.invokeSpecialIFC(java.lang.Object, java.lang.Object, java.lang.Object, java.lang.Object)'> (0x00000000898e69e0) 
thrown [s\open\src\hotspot\share\interpreter\linkResolver.cpp, line 759]
Event: 3.068 Thread 0x00000202046d6820 Exception <a 'java/lang/NoSuchMethodError'{0x000000008979a120}: 'int java.lang.invoke.DirectMethodHandle$Holder.invokeInterface(java.lang.Object, java.lang.Object)'> (0x000000008979a120) 
thrown [s\open\src\hotspot\share\interpreter\linkResolver.cpp, line 759]
Event: 3.160 Thread 0x00000202046d6820 Exception <a 'java/lang/NoSuchMethodError'{0x000000008968fab8}: 'java.lang.Object java.lang.invoke.DirectMethodHandle$Holder.invokeStaticInit(java.lang.Object)'> (0x000000008968fab8) 
thrown [s\open\src\hotspot\share\interpreter\linkResolver.cpp, line 759]
Event: 3.509 Thread 0x00000202046d6820 Exception <a 'java/lang/NoSuchMethodError'{0x000000008a70cd70}: 'java.lang.Object java.lang.invoke.DirectMethodHandle$Holder.invokeStaticInit(java.lang.Object, java.lang.Object, java.lang.Object)'> (0x000000008a70cd70) 
thrown [s\open\src\hotspot\share\interpreter\linkResolver.cpp, line 759]
Event: 3.515 Thread 0x00000202046d6820 Exception <a 'java/lang/NoSuchMethodError'{0x000000008a71a588}: 'void java.lang.invoke.DirectMethodHandle$Holder.invokeStaticInit(java.lang.Object, java.lang.Object, java.lang.Object)'> (0x000000008a71a588) 
thrown [s\open\src\hotspot\share\interpreter\linkResolver.cpp, line 759]
Event: 4.121 Thread 0x00000202046d6820 Exception <a 'java/lang/NoSuchMethodError'{0x0000000089b6b040}: 'java.lang.ClassLoader java.lang.Class.getClassLoader(java.lang.Class)'> (0x0000000089b6b040) 
thrown [s\open\src\hotspot\share\interpreter\linkResolver.cpp, line 759]
Event: 4.122 Thread 0x00000202046d6820 Exception <a 'java/lang/NoSuchMethodError'{0x0000000089b6fa90}: 'java.lang.Object java.lang.invoke.DirectMethodHandle$Holder.invokeStatic(java.lang.Object, java.lang.Object, int)'> (0x0000000089b6fa90) 
thrown [s\open\src\hotspot\share\interpreter\linkResolver.cpp, line 759]
Event: 4.124 Thread 0x00000202046d6820 Exception <a 'java/lang/NoSuchMethodError'{0x0000000089b7af40}: 'void java.lang.invoke.DelegatingMethodHandle$Holder.delegate(java.lang.Object, java.lang.Object, int, java.lang.Object)'> (0x0000000089b7af40) 
thrown [s\open\src\hotspot\share\interpreter\linkResolver.cpp, line 759]
Event: 4.169 Thread 0x00000202046d6820 Exception <a 'java/lang/NoSuchMethodError'{0x0000000089a327d0}: 'java.lang.Object java.lang.invoke.DirectMethodHandle$Holder.newInvokeSpecial(java.lang.Object, java.lang.Object, java.lang.Object, java.lang.Object, java.lang.Object, java.lang.Object)'> (0x0000000089a327d0) 
thrown [s\open\src\hotspot\share\interpreter\linkResolver.cpp, line 759]
Event: 4.172 Thread 0x00000202046d6820 Exception <a 'java/lang/NoSuchMethodError'{0x0000000089a3f960}: 'void java.lang.invoke.DirectMethodHandle$Holder.invokeStaticInit(java.lang.Object)'> (0x0000000089a3f960) 
thrown [s\open\src\hotspot\share\interpreter\linkResolver.cpp, line 759]
Event: 4.174 Thread 0x00000202046d6820 Exception <a 'sun/nio/fs/WindowsException'{0x0000000089a454a8}> (0x0000000089a454a8) 
thrown [s\open\src\hotspot\share\prims\jni.cpp, line 516]
Event: 4.179 Thread 0x00000202046d6820 Exception <a 'java/lang/NoSuchMethodError'{0x0000000089a58898}: 'java.lang.Object java.lang.invoke.DirectMethodHandle$Holder.invokeSpecialIFC(java.lang.Object, java.lang.Object, java.lang.Object, java.lang.Object, java.lang.Object)'> (0x0000000089a58898) 
thrown [s\open\src\hotspot\share\interpreter\linkResolver.cpp, line 759]
Event: 4.408 Thread 0x00000202046d6820 Exception <a 'java/lang/NoSuchMethodError'{0x00000000895095c8}: 'java.lang.Object java.lang.invoke.DirectMethodHandle$Holder.newInvokeSpecial(java.lang.Object, java.lang.Object, java.lang.Object, java.lang.Object, java.lang.Object)'> (0x00000000895095c8) 
thrown [s\open\src\hotspot\share\interpreter\linkResolver.cpp, line 759]
Event: 4.409 Thread 0x00000202046d6820 Exception <a 'sun/nio/fs/WindowsException'{0x000000008950d8f8}> (0x000000008950d8f8) 
thrown [s\open\src\hotspot\share\prims\jni.cpp, line 516]
Event: 4.422 Thread 0x00000202046d6820 Exception <a 'java/lang/NoSuchMethodError'{0x0000000089528170}: 'void java.lang.invoke.DirectMethodHandle$Holder.invokeSpecial(java.lang.Object, java.lang.Object, java.lang.Object, java.lang.Object, java.lang.Object)'> (0x0000000089528170) 
thrown [s\open\src\hotspot\share\interpreter\linkResolver.cpp, line 759]

VM Operations (20 events):
Event: 2.240 Executing VM operation: HandshakeAllThreads
Event: 2.240 Executing VM operation: HandshakeAllThreads done
Event: 2.241 Executing VM operation: HandshakeAllThreads
Event: 2.241 Executing VM operation: HandshakeAllThreads done
Event: 2.508 Executing VM operation: HandshakeAllThreads
Event: 2.508 Executing VM operation: HandshakeAllThreads done
Event: 2.909 Executing VM operation: HandshakeAllThreads
Event: 2.909 Executing VM operation: HandshakeAllThreads done
Event: 2.909 Executing VM operation: Cleanup
Event: 2.910 Executing VM operation: Cleanup done
Event: 3.139 Executing VM operation: HandshakeAllThreads
Event: 3.139 Executing VM operation: HandshakeAllThreads done
Event: 3.189 Executing VM operation: HandshakeAllThreads
Event: 3.189 Executing VM operation: HandshakeAllThreads done
Event: 3.282 Executing VM operation: G1CollectForAllocation
Event: 3.300 Executing VM operation: G1CollectForAllocation done
Event: 3.746 Executing VM operation: HandshakeAllThreads
Event: 3.746 Executing VM operation: HandshakeAllThreads done
Event: 4.122 Executing VM operation: HandshakeAllThreads
Event: 4.122 Executing VM operation: HandshakeAllThreads done

Events (20 events):
Event: 0.102 Thread 0x0000020224321460 Thread added: 0x0000020224321460
Event: 0.103 Thread 0x0000020224323ea0 Thread added: 0x0000020224323ea0
Event: 0.554 Thread 0x00000202242ef0e0 Thread added: 0x00000202242ef0e0
Event: 0.642 Loaded shared library C:\Program Files\Java\jdk-18.0.2\bin\zip.dll
Event: 0.652 Loaded shared library C:\Program Files\Java\jdk-18.0.2\bin\instrument.dll
Event: 0.666 Loaded shared library C:\Program Files\Java\jdk-18.0.2\bin\net.dll
Event: 0.706 Loaded shared library C:\Program Files\Java\jdk-18.0.2\bin\nio.dll
Event: 0.726 Loaded shared library C:\Program Files\Java\jdk-18.0.2\bin\zip.dll
Event: 0.872 Loaded shared library C:\Program Files\JetBrains\IntelliJ IDEA Community Edition 2021.3.3\bin\breakgen64.dll
Event: 0.873 Thread 0x0000020228b40710 Thread added: 0x0000020228b40710
Event: 0.873 Thread 0x0000020228b45980 Thread added: 0x0000020228b45980
Event: 1.135 Loaded shared library C:\Program Files\Java\jdk-18.0.2\bin\jimage.dll
Event: 1.179 Thread 0x0000020228b8d4e0 Thread added: 0x0000020228b8d4e0
Event: 1.321 Thread 0x0000020228b8d4e0 Thread exited: 0x0000020228b8d4e0
Event: 1.583 Thread 0x0000020228bcff30 Thread added: 0x0000020228bcff30
Event: 1.880 Thread 0x0000020228bcff30 Thread exited: 0x0000020228bcff30
Event: 3.245 Thread 0x0000020229aff730 Thread added: 0x0000020229aff730
Event: 3.692 Thread 0x0000020229aff730 Thread exited: 0x0000020229aff730
Event: 4.218 Loaded shared library C:\Program Files\Java\jdk-18.0.2\bin\verify.dll
Event: 4.243 Thread 0x0000020229c5ebc0 Thread added: 0x0000020229c5ebc0


Dynamic libraries:
0x00007ff7862e0000 - 0x00007ff7862f0000 	C:\Program Files\Java\jdk-18.0.2\bin\java.exe
0x00007ffb01cb0000 - 0x00007ffb01ea8000 	C:\Windows\SYSTEM32\ntdll.dll
0x00007ffb003d0000 - 0x00007ffb0048d000 	C:\Windows\System32\KERNEL32.DLL
0x00007ffaff6c0000 - 0x00007ffaff98e000 	C:\Windows\System32\KERNELBASE.dll
0x00007ffaff4f0000 - 0x00007ffaff5f0000 	C:\Windows\System32\ucrtbase.dll
0x00007ffaf6880000 - 0x00007ffaf6898000 	C:\Program Files\Java\jdk-18.0.2\bin\jli.dll
0x00007ffb01b90000 - 0x00007ffb01c3e000 	C:\Windows\System32\ADVAPI32.dll
0x00007ffaf68a0000 - 0x00007ffaf68ba000 	C:\Program Files\Java\jdk-18.0.2\bin\VCRUNTIME140.dll
0x00007ffb00490000 - 0x00007ffb0052e000 	C:\Windows\System32\msvcrt.dll
0x00007ffb00100000 - 0x00007ffb0019c000 	C:\Windows\System32\sechost.dll
0x00007ffaffd10000 - 0x00007ffaffe35000 	C:\Windows\System32\RPCRT4.dll
0x00007ffb001a0000 - 0x00007ffb00340000 	C:\Windows\System32\USER32.dll
0x00007ffaff990000 - 0x00007ffaff9b2000 	C:\Windows\System32\win32u.dll
0x00007ffb00d00000 - 0x00007ffb00d2a000 	C:\Windows\System32\GDI32.dll
0x00007ffaffc00000 - 0x00007ffaffd0b000 	C:\Windows\System32\gdi32full.dll
0x00007ffaff620000 - 0x00007ffaff6bd000 	C:\Windows\System32\msvcp_win.dll
0x00007ffaf4430000 - 0x00007ffaf443a000 	C:\Windows\SYSTEM32\VERSION.dll
0x00007ffae40a0000 - 0x00007ffae433a000 	C:\Windows\WinSxS\amd64_microsoft.windows.common-controls_6595b64144ccf1df_6.0.19041.1110_none_60b5254171f9507e\COMCTL32.dll
0x00007ffb01c40000 - 0x00007ffb01c70000 	C:\Windows\System32\IMM32.DLL
0x00007ffaf7f00000 - 0x00007ffaf7f0c000 	C:\Program Files\Java\jdk-18.0.2\bin\vcruntime140_1.dll
0x00007ffad7350000 - 0x00007ffad73dd000 	C:\Program Files\Java\jdk-18.0.2\bin\msvcp140.dll
0x00007ffa79f00000 - 0x00007ffa7ab11000 	C:\Program Files\Java\jdk-18.0.2\bin\server\jvm.dll
0x00007ffb00530000 - 0x00007ffb00538000 	C:\Windows\System32\PSAPI.DLL
0x00007ffaf5040000 - 0x00007ffaf5049000 	C:\Windows\SYSTEM32\WSOCK32.dll
0x00007ffaf6170000 - 0x00007ffaf6197000 	C:\Windows\SYSTEM32\WINMM.dll
0x00007ffb00930000 - 0x00007ffb0099b000 	C:\Windows\System32\WS2_32.dll
0x00007ffafdc60000 - 0x00007ffafdc72000 	C:\Windows\SYSTEM32\kernel.appcore.dll
0x00007ffaf6b00000 - 0x00007ffaf6b0a000 	C:\Program Files\Java\jdk-18.0.2\bin\jimage.dll
0x00007ffafd980000 - 0x00007ffafdb64000 	C:\Windows\SYSTEM32\DBGHELP.DLL
0x00007ffae7190000 - 0x00007ffae71bc000 	C:\Windows\SYSTEM32\dbgcore.DLL
0x00007ffaffa10000 - 0x00007ffaffa92000 	C:\Windows\System32\bcryptPrimitives.dll
0x00007ffaf6470000 - 0x00007ffaf647e000 	C:\Program Files\Java\jdk-18.0.2\bin\instrument.dll
0x00007ffaf48e0000 - 0x00007ffaf4905000 	C:\Program Files\Java\jdk-18.0.2\bin\java.dll
0x00007ffad0180000 - 0x00007ffad0256000 	C:\Program Files\Java\jdk-18.0.2\bin\jsvml.dll
0x00007ffb00e00000 - 0x00007ffb01544000 	C:\Windows\System32\SHELL32.dll
0x00007ffafd1e0000 - 0x00007ffafd974000 	C:\Windows\SYSTEM32\windows.storage.dll
0x00007ffb009a0000 - 0x00007ffb00cf4000 	C:\Windows\System32\combase.dll
0x00007ffafee30000 - 0x00007ffafee60000 	C:\Windows\SYSTEM32\Wldp.dll
0x00007ffb01ae0000 - 0x00007ffb01b8d000 	C:\Windows\System32\SHCORE.dll
0x00007ffb000a0000 - 0x00007ffb000f5000 	C:\Windows\System32\shlwapi.dll
0x00007ffaff310000 - 0x00007ffaff32f000 	C:\Windows\SYSTEM32\profapi.dll
0x00007ffaf48c0000 - 0x00007ffaf48d8000 	C:\Program Files\Java\jdk-18.0.2\bin\zip.dll
0x00007ffaf6440000 - 0x00007ffaf6453000 	C:\Program Files\Java\jdk-18.0.2\bin\net.dll
0x00007ffaec050000 - 0x00007ffaec15a000 	C:\Windows\SYSTEM32\WINHTTP.dll
0x00007ffafeb90000 - 0x00007ffafebfa000 	C:\Windows\system32\mswsock.dll
0x00007ffaf5130000 - 0x00007ffaf5146000 	C:\Program Files\Java\jdk-18.0.2\bin\nio.dll
0x00007ffaf50a0000 - 0x00007ffaf50ba000 	C:\Program Files\JetBrains\IntelliJ IDEA Community Edition 2021.3.3\bin\breakgen64.dll
0x00007ffafed80000 - 0x00007ffafed98000 	C:\Windows\SYSTEM32\CRYPTSP.dll
0x00007ffafe4a0000 - 0x00007ffafe4d4000 	C:\Windows\system32\rsaenh.dll
0x00007ffaff5f0000 - 0x00007ffaff617000 	C:\Windows\System32\bcrypt.dll
0x00007ffaff2d0000 - 0x00007ffaff2fe000 	C:\Windows\SYSTEM32\USERENV.dll
0x00007ffafeda0000 - 0x00007ffafedac000 	C:\Windows\SYSTEM32\CRYPTBASE.dll
0x00007ffafe830000 - 0x00007ffafe86b000 	C:\Windows\SYSTEM32\IPHLPAPI.DLL
0x00007ffb00030000 - 0x00007ffb00038000 	C:\Windows\System32\NSI.dll
0x00007ffaf36d0000 - 0x00007ffaf36e7000 	C:\Windows\SYSTEM32\dhcpcsvc6.DLL
0x00007ffaf42b0000 - 0x00007ffaf42cd000 	C:\Windows\SYSTEM32\dhcpcsvc.DLL
0x00007ffafe870000 - 0x00007ffafe93a000 	C:\Windows\SYSTEM32\DNSAPI.dll
0x00007ffaf65e0000 - 0x00007ffaf65f0000 	C:\Program Files\Java\jdk-18.0.2\bin\verify.dll

dbghelp: loaded successfully - version: 4.0.5 - missing functions: none
symbol engine: initialized successfully - sym options: 0x614 - pdb path: .;C:\Program Files\Java\jdk-18.0.2\bin;C:\Windows\SYSTEM32;C:\Windows\WinSxS\amd64_microsoft.windows.common-controls_6595b64144ccf1df_6.0.19041.1110_none_60b5254171f9507e;C:\Program Files\Java\jdk-18.0.2\bin\server;C:\Program Files\JetBrains\IntelliJ IDEA Community Edition 2021.3.3\bin

VM Arguments:
jvm_args: -ea -Didea.test.cyclic.buffer.size=1048576 -javaagent:C:\Program Files\JetBrains\IntelliJ IDEA Community Edition 2021.3.3\lib\idea_rt.jar=51767:C:\Program Files\JetBrains\IntelliJ IDEA Community Edition 2021.3.3\bin -Dfile.encoding=UTF-8 
java_command: com.intellij.rt.testng.RemoteTestNGStarter -usedefaultlisteners false -socket51766 @w@C:\Users\ITBD~1\AppData\Local\Temp\idea_working_dirs_testng.tmp -temp C:\Users\ITBD~1\AppData\Local\Temp\idea_testng.tmp
java_class_path (initial): C:\Program Files\JetBrains\IntelliJ IDEA Community Edition 2021.3.3\lib\idea_rt.jar;C:\Program Files\JetBrains\IntelliJ IDEA Community Edition 2021.3.3\plugins\testng\lib\testng-rt.jar;C:\Users\IT BD\Cucumber_Parellall_Aroggo_Web\target\test-classes;C:\Users\IT BD\Cucumber_Parellall_Aroggo_Web\target\classes;C:\Users\IT BD\.m2\repository\io\cucumber\cucumber-java\7.2.3\cucumber-java-7.2.3.jar;C:\Users\IT BD\.m2\repository\io\cucumber\cucumber-core\7.2.3\cucumber-core-7.2.3.jar;C:\Users\IT BD\.m2\repository\io\cucumber\cucumber-gherkin\7.2.3\cucumber-gherkin-7.2.3.jar;C:\Users\IT BD\.m2\repository\io\cucumber\cucumber-gherkin-messages\7.2.3\cucumber-gherkin-messages-7.2.3.jar;C:\Users\IT BD\.m2\repository\io\cucumber\messages\17.1.1\messages-17.1.1.jar;C:\Users\IT BD\.m2\repository\io\cucumber\tag-expressions\4.1.0\tag-expressions-4.1.0.jar;C:\Users\IT BD\.m2\repository\io\cucumber\cucumber-expressions\15.0.1\cucumber-expressions-15.0.1.jar;C:\Users\IT BD\.m2\repository\io\cucumber\datatable\7.2.3\datatable-7.2.3.jar;C:\Users\IT BD\.m2\repository\io\cucumber\cucumber-plugin\7.2.3\cucumber-plugin-7.2.3.jar;C:\Users\IT BD\.m2\repository\io\cucumber\docstring\7.2.3\docstring-7.2.3.jar;C:\Users\IT BD\.m2\repository\io\cucumber\html-formatter\17.0.0\html-formatter-17.0.0.jar;C:\Users\IT BD\.m2\repository\io\cucumber\ci-environment\8.1.0\ci-environment-8.1.0.jar;C:\Users\IT BD\.m2\repository\org\apiguardian\apiguardian-api\1.1.2\apiguardian-api-1.1.2.jar;C:\Users\IT BD\.m2\repository\commons-io\commons-io\2.11.0\commons-io-2.11.0.jar;C:\Users\IT BD\.m2\repository\tech\grasshopper\extentreports-cucumber7-adapter\1.7.0\extentreports-cucumber7-adapter-1.7.0.jar;C:\Users\IT BD\.m2\repository\tech\grasshopper\extent-pdf-report\2.7.0\extent-pdf-report-2.7.0.jar;C:\Users\IT BD\.m2\repository\tech\grasshopper\cucumber-pdf-report\2.10.0\cucumber-pdf-report-2.10.0.jar;C:\Users\IT BD\.m2\repository\org\apache\pdfbox\pdfbox\2.0.26\pdfbox-2.0.26.jar;C:\Users\IT BD\.m2\repository\org\apache\pdfbox\fontbox\2.0.26\fontbox-2.0.26.jar;C:\Users\IT BD\.m2\repository\org\knowm\xchart\xchart\3.8.0\xchart-3.8.0.jar;C:\Users\IT BD\.m2\repository\de\erichseifert\vectorgraphics2d\VectorGraphics2D\0.13\VectorGraphics2D-0.13.jar;C:\Users\IT BD\.m2\repository\de\rototor\pdfbox\graphics2d\0.30\graphics2d-0.30.jar;C:\Users\IT BD\.m2\repository\com\madgag\animated-gif-lib\1.4\animated-gif-lib-1.4.jar;C:\Users\IT BD\.m2\repository\org\yaml\snakeyaml\1.28\snakeyaml-1.28.jar;C:\Users\IT BD\.m2\repository\tech\grasshopper\table-layout\1.5.1\table-layout-1.5.1.jar;C:\Users\IT BD\.m2\repository\tech\grasshopper\rest-assured-cucumber-pdf-report\1.4.1\rest-assured-cucumber-pdf-report-1.4.1.jar;C:\Users\IT BD\.m2\repository\org\jsoup\jsoup\1.14.3\jsoup-1.14.3.jar;C:\Users\IT BD\.m2\repository\com\aventstack\klov-reporter\5.0.9\klov-reporter-5.0.9.jar;C:\Users\IT BD\.m2\repository\org\mongodb\mongodb-driver\3.6.4\mongodb-driver-3.6.4.jar;C:\Users\IT BD\.m2\repository\org\mongodb\mongodb-driver-core\3.6.4\mongodb-driver-core-3.6.4.jar;C:\Users\IT BD\.m2\repository\org\mongodb\bson\3.6.4\bson-3.6.4.jar;C:\Users\IT BD\.m2\repository\org\apache\httpcomponents\httpclient\4.5.13\httpclient-4.5.13.jar;C:\Users\IT BD\.m2\repository\org\apache\httpcomponents\httpcore\4.4.13\httpcore-4.4.13.jar;C:\Users\IT BD\.m2\repository\commons-logging\commons-logging\1.2\commons-logging-1.2.jar;C:\Users\IT BD\.m2\repository\commons-codec\commons-codec\1.11\commons-codec-1.11.jar;C:\Users\IT BD\.m2\repository\org\apache\httpcomponents\httpmime\4.5.13\httpmime-4.5.13.jar;C:\Users\IT BD\.m2\repository\tech\grasshopper\htmlextentreporter\1.0.1\htmlextentreporter-1.0.1.jar;C:\Users\IT BD\.m2\repository\com\aventstack\extentreports\5.0.9\extentreports-5.0.9.jar;C:\Users\IT BD\.m2\repository\io\reactivex\rxjava3\rxjava\3.0.4\rxjava-3.0.4.jar;C:\Users\IT BD\.m2\repository\org\reactivestreams\reactive-streams\1.0.3\reactive-streams-1.0.3.jar;C:\Users\IT BD\.m2\repository\org\freemarker\freemarker\2.3.30\freemarker-2.3.30.jar;C:\Users\IT BD\.m2\repository\com\google\code\gson\gson\2.8.6\gson-2.8.6.jar;C:\Users\IT BD\.m2\repository\io\cucumber\cucumber-picocontainer\7.2.3\cucumber-picocontainer-7.2.3.jar;C:\Users\IT BD\.m2\repository\org\picocontainer\picocontainer\2.15\picocontainer-2.15.jar;C:\Users\IT BD\.m2\repository\io\cucumber\cucumber-testng\7.2.3\cucumber-testng-7.2.3.jar;C:\Users\IT BD\.m2\repository\org\testng\testng\7.4.0\testng-7.4.0.jar;C:\Users\IT BD\.m2\repository\com\beust\jcommander\1.78\jcommander-1.78.jar;C:\Users\IT BD\.m2\repository\org\webjars\jquery\3.5.1\jquery-3.5.1.jar;C:\Users\IT BD\.m2\repository\org\seleniumhq\selenium\selenium-java\4.1.3\selenium-java-4.1.3.jar;C:\Users\IT BD\.m2\repository\org\seleniumhq\selenium\selenium-api\4.1.3\selenium-api-4.1.3.jar;C:\Users\IT BD\.m2\repository\org\seleniumhq\selenium\selenium-chrome-driver\4.1.3\selenium-chrome-driver-4.1.3.jar;C:\Users\IT BD\.m2\repository\com\google\auto\service\auto-service-annotations\1.0.1\auto-service-annotations-1.0.1.jar;C:\Users\IT BD\.m2\repository\com\google\auto\service\auto-service\1.0.1\auto-service-1.0.1.jar;C:\Users\IT BD\.m2\repository\com\google\auto\auto-common\1.2\auto-common-1.2.jar;C:\Users\IT BD\.m2\repository\com\google\guava\guava\31.1-jre\guava-31.1-jre.jar;C:\Users\IT BD\.m2\repository\com\google\guava\failureaccess\1.0.1\failureaccess-1.0.1.jar;C:\Users\IT BD\.m2\repository\com\google\guava\listenablefuture\9999.0-empty-to-avoid-conflict-with-guava\listenablefuture-9999.0-empty-to-avoid-conflict-with-guava.jar;C:\Users\IT BD\.m2\repository\com\google\code\findbugs\jsr305\3.0.2\jsr305-3.0.2.jar;C:\Users\IT BD\.m2\repository\org\checkerframework\checker-qual\3.12.0\checker-qual-3.12.0.jar;C:\Users\IT BD\.m2\repository\com\google\errorprone\error_prone_annotations\2.11.0\error_prone_annotations-2.11.0.jar;C:\Users\IT BD\.m2\repository\com\google\j2objc\j2objc-annotations\1.3\j2objc-annotations-1.3.jar;C:\Users\IT BD\.m2\repository\org\seleniumhq\selenium\selenium-chromium-driver\4.1.3\selenium-chromium-driver-4.1.3.jar;C:\Users\IT BD\.m2\repository\org\seleniumhq\selenium\selenium-json\4.1.3\selenium-json-4.1.3.jar;C:\Users\IT BD\.m2\repository\org\seleniumhq\selenium\selenium-devtools-v85\4.1.3\selenium-devtools-v85-4.1.3.jar;C:\Users\IT BD\.m2\repository\org\seleniumhq\selenium\selenium-devtools-v97\4.1.3\selenium-devtools-v97-4.1.3.jar;C:\Users\IT BD\.m2\repository\org\seleniumhq\selenium\selenium-devtools-v98\4.1.3\selenium-devtools-v98-4.1.3.jar;C:\Users\IT BD\.m2\repository\org\seleniumhq\selenium\selenium-devtools-v99\4.1.3\selenium-devtools-v99-4.1.3.jar;C:\Users\IT BD\.m2\repository\org\seleniumhq\selenium\selenium-edge-driver\4.1.3\selenium-edge-driver-4.1.3.jar;C:\Users\IT BD\.m2\repository\org\seleniumhq\selenium\selenium-firefox-driver\4.1.3\selenium-firefox-driver-4.1.3.jar;C:\Users\IT BD\.m2\repository\org\seleniumhq\selenium\selenium-ie-driver\4.1.3\selenium-ie-driver-4.1.3.jar;C:\Users\IT BD\.m2\repository\org\seleniumhq\selenium\selenium-opera-driver\4.1.3\selenium-opera-driver-4.1.3.jar;C:\Users\IT BD\.m2\repository\org\seleniumhq\selenium\selenium-remote-driver\4.1.3\selenium-remote-driver-4.1.3.jar;C:\Users\IT BD\.m2\repository\io\netty\netty-buffer\4.1.75.Final\netty-buffer-4.1.75.Final.jar;C:\Users\IT BD\.m2\repository\io\netty\netty-codec-http\4.1.75.Final\netty-codec-http-4.1.75.Final.jar;C:\Users\IT BD\.m2\repository\io\netty\netty-codec\4.1.75.Final\netty-codec-4.1.75.Final.jar;C:\Users\IT BD\.m2\repository\io\netty\netty-handler\4.1.75.Final\netty-handler-4.1.75.Final.jar;C:\Users\IT BD\.m2\repository\io\netty\netty-common\4.1.75.Final\netty-common-4.1.75.Final.jar;C:\Users\IT BD\.m2\repository\io\netty\netty-transport-classes-epoll\4.1.75.Final\netty-transport-classes-epoll-4.1.75.Final.jar;C:\Users\IT BD\.m2\repository\io\netty\netty-transport-classes-kqueue\4.1.75.Final\netty-transport-classes-kqueue-4.1.75.Final.jar;C:\Users\IT BD\.m2\repository\io\netty\netty-transport-native-epoll\4.1.75.Final\netty-transport-native-epoll-4.1.75.Final.jar;C:\Users\IT BD\.m2\repository\io\netty\netty-transport-native-kqueue\4.1.75.Final\netty-transport-native-kqueue-4.1.75.Final.jar;C:\Users\IT BD\.m2\repository\io\netty\netty-transport-native-unix-common\4.1.75.Final\netty-transport-native-unix-common-4.1.75.Final.jar;C:\Users\IT BD\.m2\repository\io\netty\netty-transport\4.1.75.Final\netty-transport-4.1.75.Final.jar;C:\Users\IT BD\.m2\repository\io\netty\netty-resolver\4.1.75.Final\netty-resolver-4.1.75.Final.jar;C:\Users\IT BD\.m2\repository\io\opentelemetry\opentelemetry-api\1.12.0\opentelemetry-api-1.12.0.jar;C:\Users\IT BD\.m2\repository\io\opentelemetry\opentelemetry-context\1.12.0\opentelemetry-context-1.12.0.jar;C:\Users\IT BD\.m2\repository\io\opentelemetry\opentelemetry-exporter-logging\1.12.0\opentelemetry-exporter-logging-1.12.0.jar;C:\Users\IT BD\.m2\repository\io\opentelemetry\opentelemetry-sdk-metrics\1.12.0-alpha\opentelemetry-sdk-metrics-1.12.0-alpha.jar;C:\Users\IT BD\.m2\repository\io\opentelemetry\opentelemetry-sdk-logs\1.12.0-alpha\opentelemetry-sdk-logs-1.12.0-alpha.jar;C:\Users\IT BD\.m2\repository\io\opentelemetry\opentelemetry-sdk-common\1.12.0\opentelemetry-sdk-common-1.12.0.jar;C:\Users\IT BD\.m2\repository\io\opentelemetry\opentelemetry-sdk-extension-autoconfigure-spi\1.12.0\opentelemetry-sdk-extension-autoconfigure-spi-1.12.0.jar;C:\Users\IT BD\.m2\repository\io\opentelemetry\opentelemetry-sdk-extension-autoconfigure\1.12.0-alpha\opentelemetry-sdk-extension-autoconfigure-1.12.0-alpha.jar;C:\Users\IT BD\.m2\repository\io\opentelemetry\opentelemetry-sdk-trace\1.12.0\opentelemetry-sdk-trace-1.12.0.jar;C:\Users\IT BD\.m2\repository\io\opentelemetry\opentelemetry-sdk\1.12.0\opentelemetry-sdk-1.12.0.jar;C:\Users\IT BD\.m2\repository\io\opentelemetry\opentelemetry-semconv\1.12.0-alpha\opentelemetry-semconv-1.12.0-alpha.jar;C:\Users\IT BD\.m2\repository\io\ous\jtoml\2.0.0\jtoml-2.0.0.jar;C:\Users\IT BD\.m2\repository\net\bytebuddy\byte-buddy\1.12.8\byte-buddy-1.12.8.jar;C:\Users\IT BD\.m2\repository\org\apache\commons\commons-exec\1.3\commons-exec-1.3.jar;C:\Users\IT BD\.m2\repository\org\asynchttpclient\async-http-client\2.12.3\async-http-client-2.12.3.jar;C:\Users\IT BD\.m2\repository\org\asynchttpclient\async-http-client-netty-utils\2.12.3\async-http-client-netty-utils-2.12.3.jar;C:\Users\IT BD\.m2\repository\io\netty\netty-codec-socks\4.1.60.Final\netty-codec-socks-4.1.60.Final.jar;C:\Users\IT BD\.m2\repository\io\netty\netty-handler-proxy\4.1.60.Final\netty-handler-proxy-4.1.60.Final.jar;C:\Users\IT BD\.m2\repository\io\netty\netty-transport-native-epoll\4.1.60.Final\netty-transport-native-epoll-4.1.60.Final-linux-x86_64.jar;C:\Users\IT BD\.m2\repository\io\netty\netty-transport-native-kqueue\4.1.60.Final\netty-transport-native-kqueue-4.1.60.Final-osx-x86_64.jar;C:\Users\IT BD\.m2\repository\com\typesafe\netty\netty-reactive-streams\2.0.4\netty-reactive-streams-2.0.4.jar;C:\Users\IT BD\.m2\repository\com\sun\activation\jakarta.activation\1.2.2\jakarta.activation-1.2.2.jar;C:\Users\IT BD\.m2\repository\org\seleniumhq\selenium\selenium-http\4.1.3\selenium-http-4.1.3.jar;C:\Users\IT BD\.m2\repository\dev\failsafe\failsafe\3.2.3\failsafe-3.2.3.jar;C:\Users\IT BD\.m2\repository\org\seleniumhq\selenium\selenium-safari-driver\4.1.3\selenium-safari-driver-4.1.3.jar;C:\Users\IT BD\.m2\repository\org\seleniumhq\selenium\selenium-support\4.1.3\selenium-support-4.1.3.jar;C:\Users\IT BD\.m2\repository\io\qameta\allure\allure-cucumber7-jvm\2.17.2\allure-cucumber7-jvm-2.17.2.jar;C:\Users\IT BD\.m2\repository\io\qameta\allure\allure-java-commons\2.17.2\allure-java-commons-2.17.2.jar;C:\Users\IT BD\.m2\repository\org\slf4j\slf4j-api\1.7.30\slf4j-api-1.7.30.jar;C:\Users\IT BD\.m2\repository\io\qameta\allure\allure-model\2.17.2\allure-model-2.17.2.jar;C:\Users\IT BD\.m2\repository\io\cucumber\gherkin\22.0.0\gherkin-22.0.0.jar;C:\Users\IT BD\.m2\repository\org\hamcrest\hamcrest\2.2\hamcrest-2.2.jar;C:\Users\IT BD\.m2\repository\org\projectlombok\lombok\1.18.22\lombok-1.18.22.jar;C:\Users\IT BD\.m2\repository\org\apache\maven\plugins\maven-compiler-plugin\3.10.0\maven-compiler-plugin-3.10.0.jar;C:\Users\IT BD\.m2\repository\org\apache\maven\shared\maven-shared-utils\3.3.4\maven-shared-utils-3.3.4.jar;C:\Users\IT BD\.m2\repository\org\apache\maven\shared\maven-shared-incremental\1.1\maven-shared-incremental-1.1.jar;C:\Users\IT BD\.m2\repository\org\codehaus\plexus\plexus-component-annotations\1.5.5\plexus-component-annotations-1.5.5.jar;C:\Users\IT BD\.m2\repository\org\codehaus\plexus\plexus-java\1.1.1\plexus-java-1.1.1.jar;C:\Users\IT BD\.m2\repository\org\ow2\asm\asm\9.2\asm-9.2.jar;C:\Users\IT BD\.m2\repository\com\thoughtworks\qdox\qdox\2.0.1\qdox-2.0.1.jar;C:\Users\IT BD\.m2\repository\org\codehaus\plexus\plexus-compiler-api\2.10.0\plexus-compiler-api-2.10.0.jar;C:\Users\IT BD\.m2\repository\org\codehaus\plexus\plexus-utils\3.4.1\plexus-utils-3.4.1.jar;C:\Users\IT BD\.m2\repository\org\codehaus\plexus\plexus-compiler-manager\2.10.0\plexus-compiler-manager-2.10.0.jar;C:\Users\IT BD\.m2\repository\org\codehaus\plexus\plexus-compiler-javac\2.10.0\plexus-compiler-javac-2.10.0.jar;C:\Users\IT BD\.m2\repository\junit\junit\4.13.2\junit-4.13.2.jar;C:\Users\IT BD\.m2\repository\org\hamcrest\hamcrest-core\1.3\hamcrest-core-1.3.jar
Launcher Type: SUN_STANDARD

[Global flags]
     intx CICompilerCount                          = 4                                         {product} {ergonomic}
     uint ConcGCThreads                            = 2                                         {product} {ergonomic}
     uint G1ConcRefinementThreads                  = 8                                         {product} {ergonomic}
   size_t G1HeapRegionSize                         = 1048576                                   {product} {ergonomic}
    uintx GCDrainStackTargetSize                   = 64                                        {product} {ergonomic}
   size_t InitialHeapSize                          = 132120576                                 {product} {ergonomic}
   size_t MarkStackSize                            = 4194304                                   {product} {ergonomic}
   size_t MaxHeapSize                              = 2099249152                                {product} {ergonomic}
   size_t MaxNewSize                               = 1259339776                                {product} {ergonomic}
   size_t MinHeapDeltaBytes                        = 1048576                                   {product} {ergonomic}
   size_t MinHeapSize                              = 8388608                                   {product} {ergonomic}
    uintx NonNMethodCodeHeapSize                   = 5839372                                {pd product} {ergonomic}
    uintx NonProfiledCodeHeapSize                  = 122909434                              {pd product} {ergonomic}
    uintx ProfiledCodeHeapSize                     = 122909434                              {pd product} {ergonomic}
    uintx ReservedCodeCacheSize                    = 251658240                              {pd product} {ergonomic}
     bool SegmentedCodeCache                       = true                                      {product} {ergonomic}
   size_t SoftMaxHeapSize                          = 2099249152                             {manageable} {ergonomic}
     bool UseCompressedClassPointers               = true                           {product lp64_product} {ergonomic}
     bool UseCompressedOops                        = true                           {product lp64_product} {ergonomic}
     bool UseG1GC                                  = true                                      {product} {ergonomic}
     bool UseLargePagesIndividualAllocation        = false                                  {pd product} {ergonomic}

Logging:
Log output configuration:
 #0: stdout all=warning uptime,level,tags foldmultilines=false
 #1: stderr all=off uptime,level,tags foldmultilines=false

Environment Variables:
JAVA_HOME=C:\Program Files\Java\jdk-18.0.2
PATH=C:\Program Files\Common Files\Oracle\Java\javapath;C:\Windows\system32;C:\Windows;C:\Windows\System32\Wbem;C:\Windows\System32\WindowsPowerShell\v1.0\;C:\Windows\System32\OpenSSH\;C:\Program Files\Java\jdk-18.0.2\bin;C:\Program Files\Java\jdk-18.0.2\bin;C:\Program Files\Git\cmd;C:\apache-maven-3.8.6\bin;C:\Users\IT BD\AppData\Local\Microsoft\WindowsApps;C:\Program Files\Java\jdk-18.0.2\bin;;C:\Program Files\JetBrains\IntelliJ IDEA Community Edition 2021.3.3\bin;
USERNAME=IT BD
OS=Windows_NT
PROCESSOR_IDENTIFIER=Intel64 Family 6 Model 142 Stepping 10, GenuineIntel



---------------  S Y S T E M  ---------------

OS:
 Windows 10 , 64 bit Build 19041 (10.0.19041.1889)
OS uptime: 0 days 9:44 hours

CPU: total 8 (initial active 8) (4 cores per cpu, 2 threads per core) family 6 model 142 stepping 10 microcode 0xf0, cx8, cmov, fxsr, ht, mmx, 3dnowpref, sse, sse2, sse3, ssse3, sse4.1, sse4.2, popcnt, lzcnt, tsc, tscinvbit, avx, avx2, aes, erms, clmul, bmi1, bmi2, rtm, adx, fma, vzeroupper, clflush, clflushopt

Memory: 4k page, system-wide physical 8000M (501M free)
TotalPageFile size 18075M (AvailPageFile size 0M)
current process WorkingSet (physical memory assigned to process): 99M, peak: 99M
current process commit charge ("private bytes"): 240M, peak: 240M

vm_info: Java HotSpot(TM) 64-Bit Server VM (18.0.2+9-61) for windows-amd64 JRE (18.0.2+9-61), built on Jun  7 2022 13:09:01 by "mach5one" with MS VC++ 16.8 / 16.9 (VS2019)

END.
